Step: build-step-credential-initializer-jlzgr:

{"level":"warn","ts":1555002846.2697582,"logger":"fallback-logger","caller":"logging/config.go:65","msg":"Fetch GitHub commit ID from kodata failed: \"ref: refs/heads/backport-container-name-fix\" is not a valid GitHub commit ID"}
{"level":"info","ts":1555002846.4182603,"logger":"fallback-logger","caller":"creds-init/main.go:40","msg":"Credentials initialized."}
Step: build-step-git-source-jenkins-x-**-docs-master-tekton-b4qs4:

{"level":"warn","ts":1555002848.7602165,"logger":"fallback-logger","caller":"logging/config.go:65","msg":"Fetch GitHub commit ID from kodata failed: \"ref: refs/heads/backport-container-name-fix\" is not a valid GitHub commit ID"}
{"level":"info","ts":1555002851.7970428,"logger":"fallback-logger","caller":"git-init/main.go:99","msg":"Successfully cloned \"https://github.com/jenkins-x/**-docs\" @ \"v0.0.60\" in path \"/workspace/source\""}
Step: build-step-place-tools:

Step: build-step-git-merge:

Warning failed to load version: failed to parse version -dev+548a93a-dev+981c48321: No Major.Minor.Patch elements found
Using SHAs from PULL_REFS=master:f2a42836fa1b48c06390a14984a0a1db029c1fee
time="2019-04-11T17:14:17Z" level=warning msg="no SHAs to merge, falling back to initial cloned commit"
Step: build-step-step2:

Cloning into 'jenkins-x-website'...
Step: build-step-step3:

Hugo Static Site Generator v0.49 linux/amd64 BuildDate: 2018-09-24T10:03:17Z
Step: build-step-step4:

[?25lBuilding sites … [?25h[K
                   | EN  | ZH   
+------------------+-----+-----+
  Pages            | 461 |  78  
  Paginator pages  |   3 |   0  
  Non-page files   |   0 |   0  
  Static files     | 242 | 242  
  Processed images |   0 |   0  
  Aliases          |  11 |   8  
  Sitemaps         |   2 |   1  
  Cleaned          |   0 |   0  

Total in 1146 ms
Step: build-step-step5:

/workspace/source/jenkins-x-website /workspace/source
Generated Git credentials file /builder/home/git/credentials
[master 9884b91] updated site
 473 files changed, 6118 insertions(+), 2848 deletions(-)
 create mode 100644 commands/**_controller_environment/index.html
 create mode 100644 commands/**_create_addon_environment/index.html
 create mode 100644 commands/**_step_create_jenkins/index.html
To https://github.com/jenkins-x/jenkins-x-website.git
 ! [rejected]        master -> master (fetch first)
error: failed to push some refs to 'https://github.com/jenkins-x/jenkins-x-website.git'
hint: Updates were rejected because the remote contains work that you do
hint: not have locally. This is usually caused by another repository pushing
hint: to the same ref. You may want to first integrate the remote changes
hint: (e.g., 'git pull ...') before pushing again.
hint: See the 'Note about fast-forwards' in 'git push --help' for details.
/workspace/source
Step: build-step-source-mkdir-jenkins-x-**-docs-master-tekton-htw45:

{"level":"warn","ts":1555002924.580171,"logger":"fallback-logger","caller":"logging/config.go:65","msg":"Fetch GitHub commit ID from kodata failed: open /var/run/ko/HEAD: no such file or directory"}
{"level":"info","ts":1555002924.6086524,"logger":"fallback-logger","caller":"bash/main.go:65","msg":"Successfully executed command \"mkdir -p /pvc/release/workspace\""}
Step: build-step-source-copy-jenkins-x-**-docs-master-tekton-xpwjd:

{"level":"warn","ts":1555002930.3761563,"logger":"fallback-logger","caller":"logging/config.go:65","msg":"Fetch GitHub commit ID from kodata failed: open /var/run/ko/HEAD: no such file or directory"}
{"level":"info","ts":1555002931.383637,"logger":"fallback-logger","caller":"bash/main.go:65","msg":"Successfully executed command \"cp -r /workspace/source/. /pvc/release/workspace\""}
