Step: build-step-git-source-jenkins-x-**-docs-master-tekton-gk6gd:

{"level":"warn","ts":1557803179.0960562,"logger":"fallback-logger","caller":"logging/config.go:65","msg":"Fetch GitHub commit ID from kodata failed: \"ref: refs/heads/master\" is not a valid GitHub commit ID"}
{"level":"info","ts":1557803183.809283,"logger":"fallback-logger","caller":"git/git.go:102","msg":"Successfully cloned https://github.com/jenkins-x/**-docs @ v0.0.282 in path /workspace/source"}
Step: build-step-git-merge:

Warning failed to load version: failed to parse version -dev+9e73adc0b: No Major.Minor.Patch elements found
time="2019-05-14T03:06:25Z" level=info msg="got "
Using SHAs from PULL_REFS=master:1212587f40d20dc9f4a8de0edd355a045f33c1a0
time="2019-05-14T03:06:25Z" level=warning msg="no SHAs to merge, falling back to initial cloned commit"
Step: build-step-step2:

Cloning into 'jenkins-x-website'...
Step: build-step-step3:

Hugo Static Site Generator v0.49 linux/amd64 BuildDate: 2018-09-24T10:03:17Z
Step: build-step-step4:

[?25lBuilding sites … [?25h[K
                   | EN  | ZH   
+------------------+-----+-----+
  Pages            | 478 |  81  
  Paginator pages  |   3 |   0  
  Non-page files   |   1 |   1  
  Static files     | 253 | 253  
  Processed images |   0 |   0  
  Aliases          |  64 |   9  
  Sitemaps         |   2 |   1  
  Cleaned          |   0 |   0  

Total in 1177 ms
Step: build-step-step5:

/workspace/source/jenkins-x-website /workspace/source
Generated Git credentials file /builder/home/git/credentials
[master de3d06e] updated site
 491 files changed, 2771 insertions(+), 2768 deletions(-)
To https://github.com/jenkins-x/jenkins-x-website.git
 ! [remote rejected] master -> master (cannot lock ref 'refs/heads/master': is at 3ed2e9b5eef8a0f57280db59329df988afb775f6 but expected 35d9a7bb72ae7b01337bbe150894d40e8c3301d0)
error: failed to push some refs to 'https://github.com/jenkins-x/jenkins-x-website.git'
/workspace/source
