Step: build-step-git-source-jenkins-x-**-docs-master-tekton-bhx7s:

{"level":"warn","ts":1557845765.0975988,"logger":"fallback-logger","caller":"logging/config.go:65","msg":"Fetch GitHub commit ID from kodata failed: \"ref: refs/heads/master\" is not a valid GitHub commit ID"}
{"level":"info","ts":1557845772.6035137,"logger":"fallback-logger","caller":"git/git.go:102","msg":"Successfully cloned https://github.com/jenkins-x/**-docs @ v0.0.284 in path /workspace/source"}
Step: build-step-git-merge:

Warning failed to load version: failed to parse version -dev+9e73adc0b: No Major.Minor.Patch elements found
time="2019-05-14T14:56:14Z" level=info msg="got "
Using SHAs from PULL_REFS=master:deb1e468b1ce97241721cbc1b8ea8b1f29d495f7
time="2019-05-14T14:56:14Z" level=warning msg="no SHAs to merge, falling back to initial cloned commit"
Step: build-step-step2:

Cloning into 'jenkins-x-website'...
Step: build-step-step3:

Hugo Static Site Generator v0.49 linux/amd64 BuildDate: 2018-09-24T10:03:17Z
Step: build-step-step4:

[?25lBuilding sites … [?25h[K
                   | EN  | ZH   
+------------------+-----+-----+
  Pages            | 478 |  81  
  Paginator pages  |   3 |   0  
  Non-page files   |   1 |   1  
  Static files     | 253 | 253  
  Processed images |   0 |   0  
  Aliases          |  64 |   9  
  Sitemaps         |   2 |   1  
  Cleaned          |   0 |   0  

Total in 2494 ms
Step: build-step-step5:

/workspace/source/jenkins-x-website /workspace/source
Generated Git credentials file /builder/home/git/credentials
[master f1fe235] updated site
 19 files changed, 42 insertions(+), 42 deletions(-)
To https://github.com/jenkins-x/jenkins-x-website.git
   468be32..f1fe235  master -> master
/workspace/source
