Step: build-step-credential-initializer-psxvw:

{"level":"warn","ts":1565211130.6079013,"logger":"fallback-logger","caller":"logging/config.go:65","msg":"Fetch GitHub commit ID from kodata failed: \"ref: refs/heads/master\" is not a valid GitHub commit ID"}
{"level":"info","ts":1565211130.6087043,"logger":"fallback-logger","caller":"creds-init/main.go:40","msg":"Credentials initialized."}
Step: build-step-working-dir-initializer-w6vp7:

{"level":"warn","ts":1565211132.2453613,"logger":"fallback-logger","caller":"logging/config.go:65","msg":"Fetch GitHub commit ID from kodata failed: open /var/run/ko/HEAD: no such file or directory"}
{"level":"info","ts":1565211132.249873,"logger":"fallback-logger","caller":"bash/main.go:65","msg":"Successfully executed command \"mkdir -p /workspace/source\""}
Step: build-step-place-tools:

Step: build-step-git-source-jenkins-x-**-docs-master-tekton-vtnq5:

{"level":"warn","ts":1565211135.452756,"logger":"fallback-logger","caller":"logging/config.go:65","msg":"Fetch GitHub commit ID from kodata failed: \"ref: refs/heads/master\" is not a valid GitHub commit ID"}
{"level":"info","ts":1565211143.0547526,"logger":"fallback-logger","caller":"git/git.go:102","msg":"Successfully cloned https://github.com/jenkins-x/**-docs @ v0.0.736 in path /workspace/source"}
Step: build-step-git-merge:

Warning failed to load version: failed to parse version -dev+9e73adc0b: No Major.Minor.Patch elements found
time="2019-08-07T20:52:23Z" level=info msg="got "
Using SHAs from PULL_REFS=master:d8c6f6ed9d9290cfdebbdd633a0d7c25f5a2b40d
time="2019-08-07T20:52:23Z" level=warning msg="no SHAs to merge, falling back to initial cloned commit"
Step: build-step-step2:

Cloning into 'jenkins-x-website'...
Step: build-step-step3:

Hugo Static Site Generator v0.49 linux/amd64 BuildDate: 2018-09-24T10:03:17Z
Step: build-step-step4:

[?25lBuilding sites … [?25h[K
                   | EN  | ZH   
+------------------+-----+-----+
  Pages            | 562 |  84  
  Paginator pages  |   3 |   0  
  Non-page files   |   1 |   1  
  Static files     | 266 | 266  
  Processed images |   0 |   0  
  Aliases          |  85 |   9  
  Sitemaps         |   2 |   1  
  Cleaned          |   0 |   0  

Total in 10102 ms
Step: build-step-step5:

/workspace/source/jenkins-x-website /workspace/source
Generated Git credentials file /builder/home/git/credentials
[master b7aa219] updated site
 559 files changed, 3140 insertions(+), 3134 deletions(-)
To https://github.com/jenkins-x/jenkins-x-website.git
   7f4969a..b7aa219  master -> master
/workspace/source
Step: build-step-changelog:

Converted /workspace/source to an unshallow repository
DEBUG: Using helmBinary helm with feature flag: template-mode
Generating change log from git ref 5f2788ae832b4cb36e90039581a3da4d98c0085f => d8c6f6ed9d9290cfdebbdd633a0d7c25f5a2b40d
DEBUG: merging pipeline secrets with local secrets
DEBUG: merging pipeline secrets with local secrets
DEBUG: Found commits:
DEBUG:   commit d8c6f6ed9d9290cfdebbdd633a0d7c25f5a2b40d
DEBUG:   Author: ************* <jenkins-x@googlegroups.com>
DEBUG:   Date: Wed Aug  7 20:49:03 2019
DEBUG:       updated ** API docs from 2.0.568



WARNING: Failed to enrich commit d8c6f6ed9d9290cfdebbdd633a0d7c25f5a2b40d with issues: users.jenkins.io "x-0" already exists
WARNING: Failed to enrich commit d8c6f6ed9d9290cfdebbdd633a0d7c25f5a2b40d with issues: users.jenkins.io "x-0" already exists
Finding issues in commit messages using git format
DEBUG: Generated release notes:

## Changes

* updated ** API docs from 2.0.568

WARNING: No release found for jenkins-x/**-docs and tag v0.0.736 so creating a new release
Updated the release information at https://github.com/jenkins-x/**-docs/releases/tag/v0.0.736
Uploaded /workspace/source/dependency-matrix/matrix.yaml to release asset https://github.com/jenkins-x/**-docs/releases/download/v0.0.736/dependency-matrix.yaml
generated: /workspace/source/templates/release.yaml
Created Release **-docs-0-0-736 resource in namespace **
Updating PipelineActivity jenkins-x-**-docs-master-698 with version 0.0.736
Updated PipelineActivities jenkins-x-**-docs-master-698 with release notes URL: https://github.com/jenkins-x/**-docs/releases/tag/v0.0.736
