Step: build-step-credential-initializer-pgqrl:

{"level":"warn","ts":1565289919.1231067,"logger":"fallback-logger","caller":"logging/config.go:65","msg":"Fetch GitHub commit ID from kodata failed: \"ref: refs/heads/master\" is not a valid GitHub commit ID"}
{"level":"info","ts":1565289919.1243744,"logger":"fallback-logger","caller":"creds-init/main.go:40","msg":"Credentials initialized."}
Step: build-step-working-dir-initializer-rplzw:

{"level":"warn","ts":1565289920.2455266,"logger":"fallback-logger","caller":"logging/config.go:65","msg":"Fetch GitHub commit ID from kodata failed: open /var/run/ko/HEAD: no such file or directory"}
{"level":"info","ts":1565289920.3519747,"logger":"fallback-logger","caller":"bash/main.go:65","msg":"Successfully executed command \"mkdir -p /workspace/source\""}
Step: build-step-place-tools:

Step: build-step-git-source-jenkins-x-**-docs-master-tekton-gwn42:

{"level":"warn","ts":1565289922.31643,"logger":"fallback-logger","caller":"logging/config.go:65","msg":"Fetch GitHub commit ID from kodata failed: \"ref: refs/heads/master\" is not a valid GitHub commit ID"}
{"level":"info","ts":1565289966.2040539,"logger":"fallback-logger","caller":"git/git.go:102","msg":"Successfully cloned https://github.com/jenkins-x/**-docs @ v0.0.745 in path /workspace/source"}
Step: build-step-git-merge:

Warning failed to load version: failed to parse version -dev+9e73adc0b: No Major.Minor.Patch elements found
time="2019-08-08T18:46:10Z" level=info msg="got "
time="2019-08-08T18:46:10Z" level=warning msg="no SHAs to merge, falling back to initial cloned commit"
Using SHAs from PULL_REFS=master:e50a496a0f9377a2aaab9589d1ce519189a7faff
Step: build-step-step2:

Cloning into 'jenkins-x-website'...
Step: build-step-step3:

Hugo Static Site Generator v0.49 linux/amd64 BuildDate: 2018-09-24T10:03:17Z
Step: build-step-step4:

[?25lBuilding sites … [?25h[K
                   | EN  | ZH   
+------------------+-----+-----+
  Pages            | 562 |  84  
  Paginator pages  |   3 |   0  
  Non-page files   |   1 |   1  
  Static files     | 266 | 266  
  Processed images |   0 |   0  
  Aliases          |  85 |   9  
  Sitemaps         |   2 |   1  
  Cleaned          |   0 |   0  

Total in 922 ms
Step: build-step-step5:

/workspace/source/jenkins-x-website /workspace/source
Generated Git credentials file /builder/home/git/credentials
[master 312fc5c] updated site
 555 files changed, 1721 insertions(+), 1721 deletions(-)
To https://github.com/jenkins-x/jenkins-x-website.git
   80f291b..312fc5c  master -> master
/workspace/source
Step: build-step-changelog:

Converted /workspace/source to an unshallow repository
DEBUG: Using helmBinary helm with feature flag: template-mode
Generating change log from git ref 31e38ec35a41c0e21078a45a1a1e5a676eb2c4d7 => e50a496a0f9377a2aaab9589d1ce519189a7faff
DEBUG: merging pipeline secrets with local secrets
DEBUG: merging pipeline secrets with local secrets
DEBUG: Found commits:
DEBUG:   commit e50a496a0f9377a2aaab9589d1ce519189a7faff
DEBUG:   Author: ************* <35031835+*************@users.noreply.github.com>
DEBUG:   Date: Thu Aug  8 19:43:54 2019
DEBUG:       
Merge pull request #1810 from *************/bump-regex-version-7cb8cb34-ba09-11e9-9d67-aa69d846b024

chore(deps): bump https://github.com/jenkins-x/** from 2.0.573 to 2.0.574


DEBUG:   commit 184545651ff1de8d1c82d6198b23e97970bef64d
DEBUG:   Author: ************* <jenkins-x@googlegroups.com>
DEBUG:   Date: Thu Aug  8 18:22:32 2019
DEBUG:       chore(deps): bump https://github.com/jenkins-x/** from 2.0.573 to 2.0.574

Command run was `./build/linux/** step create pr regex --regex \s*release = "(.*)" --version 2.0.574 --files config.toml --repo https://github.com/jenkins-x/**-docs.git`



WARNING: Failed to enrich commit 184545651ff1de8d1c82d6198b23e97970bef64d with issues: users.jenkins.io "x-0" already exists
WARNING: Failed to enrich commit 184545651ff1de8d1c82d6198b23e97970bef64d with issues: users.jenkins.io "x-0" already exists
DEBUG: merging pipeline secrets with local secrets
Finding issues in commit messages using git format
DEBUG: Generated release notes:

## Changes

### Chores

* deps: bump https://github.com/jenkins-x/** from 2.0.573 to 2.0.574

### Dependency Updates

| Dependency | Component | New Version | Old Version |
| ---------- | --------- | ----------- | ----------- |
| [jenkins-x/**](https://github.com/jenkins-x/**) |  | [2.0.574](https://github.com/jenkins-x/**/releases/tag/v2.0.574) | [2.0.573](https://github.com/jenkins-x/**/releases/tag/v2.0.573)|

WARNING: No release found for jenkins-x/**-docs and tag v0.0.745 so creating a new release
Updated the release information at https://github.com/jenkins-x/**-docs/releases/tag/v0.0.745
Uploaded /workspace/source/dependency-matrix/matrix.yaml to release asset https://github.com/jenkins-x/**-docs/releases/download/v0.0.745/dependency-matrix.yaml
Uploaded dependency-updates.yaml to release asset https://github.com/jenkins-x/**-docs/releases/download/v0.0.745/dependency-updates.yaml
generated: /workspace/source/templates/release.yaml
Created Release **-docs-0-0-745 resource in namespace **
Updating PipelineActivity jenkins-x-**-docs-master-707 with version 0.0.745
Updated PipelineActivities jenkins-x-**-docs-master-707 with release notes URL: https://github.com/jenkins-x/**-docs/releases/tag/v0.0.745
