Step: build-step-credential-initializer-zwljj:

Unable to retrieve container logs for docker://d11b1d0fbe89c05bfe22aa1c721083301365dc990b9f34690d6158c2e50c0644
Step: build-step-working-dir-initializer-mwwts:

Unable to retrieve container logs for docker://6de8fd3ecdedc5454157d2ca08f7047445a0cd713f9eab2b0ced4453d6bee65c
Step: build-step-place-tools:

Unable to retrieve container logs for docker://b572be141605ba3a6723b762a2d7762ab63cef95a41ba708a946b61eec634879
Step: build-step-git-source-jenkins-x-**-docs-pr-1824-tekto-rtg7c:

{"level":"warn","ts":1565614386.765735,"logger":"fallback-logger","caller":"logging/config.go:65","msg":"Fetch GitHub commit ID from kodata failed: \"ref: refs/heads/master\" is not a valid GitHub commit ID"}
{"level":"info","ts":1565614392.943207,"logger":"fallback-logger","caller":"git/git.go:102","msg":"Successfully cloned https://github.com/jenkins-x/**-docs @ 5c2c9da8da660fc383248e18919502a54a40f8ad in path /workspace/source"}
Step: build-step-git-merge:

Warning failed to load version: failed to parse version -dev+9e73adc0b: No Major.Minor.Patch elements found
time="2019-08-12T12:53:14Z" level=info msg="got "
Using SHAs from PULL_REFS=master:85263dc396ac765d09a3c0f6ea83bf1ef6eacd5d,1824:5c2c9da8da660fc383248e18919502a54a40f8ad
ran git fetch origin 5c2c9da8da660fc383248e18919502a54a40f8ad: 85263dc396ac765d09a3c0f6ea83bf1ef6eacd5d: in 
Unshallowed git repo in 
ran git checkout master in 
ran git reset --hard 85263dc396ac765d09a3c0f6ea83bf1ef6eacd5d in 
ran clean --force -d . in 
ran git merge 5c2c9da8da660fc383248e18919502a54a40f8ad in 
Step: build-step-version:

Hugo Static Site Generator v0.49 linux/amd64 BuildDate: 2018-09-24T10:03:17Z
Step: build-step-build-website:

[?25lBuilding sites … [?25h[K
                   | EN  | ZH   
+------------------+-----+-----+
  Pages            | 562 |  84  
  Paginator pages  |   3 |   0  
  Non-page files   |   1 |   1  
  Static files     | 266 | 266  
  Processed images |   0 |   0  
  Aliases          |  85 |   9  
  Sitemaps         |   2 |   1  
  Cleaned          |   0 |   0  

Total in 1164 ms
Step: build-step-build-and-push-image:

[36mINFO[0m[0000] Downloading base image abiosoft/caddy        
ERROR: logging before flag.Parse: E0812 12:53:34.094644      12 metadata.go:142] while reading 'google-dockercfg' metadata: http status code: 404 while fetching url http://metadata.google.internal./computeMetadata/v1/instance/attributes/google-dockercfg
ERROR: logging before flag.Parse: E0812 12:53:34.098096      12 metadata.go:159] while reading 'google-dockercfg-url' metadata: http status code: 404 while fetching url http://metadata.google.internal./computeMetadata/v1/instance/attributes/google-dockercfg-url
[36mINFO[0m[0001] Error while retrieving image from cache: getting file info: stat /workspace/sha256:4a8ec766fa92dd45c7512ab9a03bc1efa8bdee5baa674bf7f572adee9d258b50: no such file or directory 
[36mINFO[0m[0001] Downloading base image abiosoft/caddy        
[36mINFO[0m[0002] Skipping unpacking as no commands require it. 
[36mINFO[0m[0002] Taking snapshot of full filesystem...        
[36mINFO[0m[0002] EXPOSE 2015                                  
[36mINFO[0m[0002] cmd: EXPOSE                                  
[36mINFO[0m[0002] Adding exposed port: 2015/tcp                
[36mINFO[0m[0002] WORKDIR /srv                                 
[36mINFO[0m[0002] cmd: workdir                                 
[36mINFO[0m[0002] Changed working directory to /srv            
[36mINFO[0m[0002] Creating directory /srv                      
[36mINFO[0m[0002] Taking snapshot of files...                  
[36mINFO[0m[0002] Using files from context: [/workspace/source/tmp-website] 
[36mINFO[0m[0003] COPY tmp-website .                           
[36mINFO[0m[0003] Taking snapshot of files...                  
2019/08/12 12:53:40 existing blob: sha256:c14dfa736ca22bcde3b0a31a6064a6dec8798ed68a9db65ba976f33524df225a
2019/08/12 12:53:40 existing blob: sha256:938173c0ab3c5335b3c3e77a58c21259f10fe879841296a7d62e6a9e0036c2d0
2019/08/12 12:53:40 existing blob: sha256:642d58ba27b18b6c662df466efb071d9c741cc8597a52eb7306f1da96cbdac53
2019/08/12 12:53:40 existing blob: sha256:8f452f8b3309da1fd012f42e7893bd469cb5d12e67aada13b324abcca8f20566
2019/08/12 12:53:40 existing blob: sha256:994d2188c1188ca2ce3b92ce7e75b1d5647c46cae1456eaccdccea0ef29b9f2c
2019/08/12 12:53:40 existing blob: sha256:921b31ab772b38172fd9f942a40fae6db24decbd6706f67836260d47a72baab5
2019/08/12 12:53:40 existing blob: sha256:86656c2d3ab6b73e4c035807c589441220207b18c96f540ac215b022b8894cc9
2019/08/12 12:53:43 pushed blob: sha256:a2d35ebabda506e7dff83ff5d5398dc5294927615c793f4aa687acdd79877a24
2019/08/12 12:53:44 pushed blob: sha256:fc94de018996fa93876c842c99b073b3b8fa32996f5aa7885e88006fb15fd0af
2019/08/12 12:53:52 pushed blob: sha256:3da9bc23b819ef1231c2e181b0da216e9fb59cd288dccb0db3f57ad04e8eaf9d
2019/08/12 12:53:54 gcr.io/jenkins-x-infra/**-docs:0.0.0-SNAPSHOT-PR-1824-1: digest: sha256:47ed6e30f657f6252bd5b52232e25ab3b98f65c01daf26ca7e175404b0229b4f size: 1728
Step: build-step-make-preview:

sed -i -e "s/version:.*/version: 0.0.0-SNAPSHOT-PR-1824-1/" Chart.yaml
sed -i -e "s/version:.*/version: 0.0.0-SNAPSHOT-PR-1824-1/" ../*/Chart.yaml
sed -i -e "s/tag:.*/tag: 0.0.0-SNAPSHOT-PR-1824-1/" values.yaml
** step helm build
No $CHART_REPOSITORY defined so using the default value of: http://jenkins-x-chartmuseum:8080
Adding missing Helm repo: jenkins-x http://chartmuseum.jenkins-x.io
Successfully added Helm repository jenkins-x.
Adding missing Helm repo: releases http://jenkins-x-chartmuseum:8080
Successfully added Helm repository releases.
Step: build-step-**-preview:

Creating a preview
No author for commit: 5c2c9da8da660fc383248e18919502a54a40f8ad
PullRequest author email is empty
Created environment jenkins-x-**-docs-pr-1824
Namespace **-jenkins-x-**-docs-pr-1824 created 
 expose:
  config:
    domain: infra.jrawlings.co.uk
    exposer: Ingress
    http: "true"
  Annotations:
    helm.sh/hook: post-install,post-upgrade
    helm.sh/hook-delete-policy: hook-succeeded
preview:
  image:
    repository: gcr.io/jenkins-x-infra/**-docs
    tag: 0.0.0-SNAPSHOT-PR-1824-1
Applying generated chart . YAML via kubectl in dir: /tmp/helm-template-workdir-035782227/preview/output
job.batch/cleanup created
role.rbac.authorization.k8s.io/cleanup created
rolebinding.rbac.authorization.k8s.io/cleanup created
serviceaccount/cleanup created
configmap/exposecontroller created
role.rbac.authorization.k8s.io/expose created
rolebinding.rbac.authorization.k8s.io/expose created
serviceaccount/expose created
deployment.extensions/preview-preview created
service/**-docs created
Applying Helm hook post-upgrade YAML via kubectl in file: /tmp/helm-template-workdir-035782227/preview/helmHooks/preview/charts/expose/templates/job.yaml
job.batch/expose created
Waiting for helm post-upgrade hook Job expose to complete before removing it
Deleting helm hook sources from file: /tmp/helm-template-workdir-035782227/preview/helmHooks/preview/charts/expose/templates/job.yaml
job.batch "expose" deleted
Removing Kubernetes resources from older releases using selector: jenkins.io/chart-release=preview,jenkins.io/version!=0.0.0-SNAPSHOT-PR-1824-1
Updating PipelineActivities jenkins-x-**-docs-pr-1824-1 which has status Running
Preview application is now available at: http://**-docs.**-jenkins-x-**-docs-pr-1824.infra.jrawlings.co.uk

