Step: build-step-credential-initializer-2gpvv:

{"level":"warn","ts":1565289507.0164087,"logger":"fallback-logger","caller":"logging/config.go:65","msg":"Fetch GitHub commit ID from kodata failed: \"ref: refs/heads/master\" is not a valid GitHub commit ID"}
{"level":"info","ts":1565289507.0170221,"logger":"fallback-logger","caller":"creds-init/main.go:40","msg":"Credentials initialized."}
Step: build-step-working-dir-initializer-2pqbf:

{"level":"warn","ts":1565289507.9872074,"logger":"fallback-logger","caller":"logging/config.go:65","msg":"Fetch GitHub commit ID from kodata failed: open /var/run/ko/HEAD: no such file or directory"}
{"level":"info","ts":1565289507.9891665,"logger":"fallback-logger","caller":"bash/main.go:65","msg":"Successfully executed command \"mkdir -p /workspace/source /workspace/source/charts/preview\""}
Step: build-step-place-tools:

Step: build-step-git-source-jenkins-x-**-docs-pr-1810-tekto-hb7jl:

{"level":"warn","ts":1565289510.0688138,"logger":"fallback-logger","caller":"logging/config.go:65","msg":"Fetch GitHub commit ID from kodata failed: \"ref: refs/heads/master\" is not a valid GitHub commit ID"}
{"level":"info","ts":1565289517.3092363,"logger":"fallback-logger","caller":"git/git.go:102","msg":"Successfully cloned https://github.com/jenkins-x/**-docs @ 184545651ff1de8d1c82d6198b23e97970bef64d in path /workspace/source"}
Step: build-step-git-merge:

Warning failed to load version: failed to parse version -dev+9e73adc0b: No Major.Minor.Patch elements found
time="2019-08-08T18:38:38Z" level=info msg="got "
Using SHAs from PULL_REFS=master:31e38ec35a41c0e21078a45a1a1e5a676eb2c4d7,1810:184545651ff1de8d1c82d6198b23e97970bef64d
ran git fetch --unshallow origin 184545651ff1de8d1c82d6198b23e97970bef64d: 31e38ec35a41c0e21078a45a1a1e5a676eb2c4d7: in 
ran git checkout master in 
ran git reset --hard 31e38ec35a41c0e21078a45a1a1e5a676eb2c4d7 in 
ran clean --force -d . in 
ran git merge 184545651ff1de8d1c82d6198b23e97970bef64d in 
Step: build-step-version:

Hugo Static Site Generator v0.49 linux/amd64 BuildDate: 2018-09-24T10:03:17Z
Step: build-step-build-website:

[?25lBuilding sites … [?25h[K
                   | EN  | ZH   
+------------------+-----+-----+
  Pages            | 562 |  84  
  Paginator pages  |   3 |   0  
  Non-page files   |   1 |   1  
  Static files     | 266 | 266  
  Processed images |   0 |   0  
  Aliases          |  85 |   9  
  Sitemaps         |   2 |   1  
  Cleaned          |   0 |   0  

Total in 1209 ms
Step: build-step-build-and-push-image:

[36mINFO[0m[0000] Downloading base image abiosoft/caddy        
ERROR: logging before flag.Parse: E0808 18:40:35.006365      12 metadata.go:159] while reading 'google-dockercfg-url' metadata: http status code: 404 while fetching url http://metadata.google.internal./computeMetadata/v1/instance/attributes/google-dockercfg-url
ERROR: logging before flag.Parse: E0808 18:40:35.020931      12 metadata.go:142] while reading 'google-dockercfg' metadata: http status code: 404 while fetching url http://metadata.google.internal./computeMetadata/v1/instance/attributes/google-dockercfg
[36mINFO[0m[0001] Error while retrieving image from cache: getting file info: stat /workspace/sha256:4a8ec766fa92dd45c7512ab9a03bc1efa8bdee5baa674bf7f572adee9d258b50: no such file or directory 
[36mINFO[0m[0001] Downloading base image abiosoft/caddy        
[36mINFO[0m[0002] Skipping unpacking as no commands require it. 
[36mINFO[0m[0002] Taking snapshot of full filesystem...        
[36mINFO[0m[0002] EXPOSE 2015                                  
[36mINFO[0m[0002] cmd: EXPOSE                                  
[36mINFO[0m[0002] Adding exposed port: 2015/tcp                
[36mINFO[0m[0002] WORKDIR /srv                                 
[36mINFO[0m[0002] cmd: workdir                                 
[36mINFO[0m[0002] Changed working directory to /srv            
[36mINFO[0m[0002] Creating directory /srv                      
[36mINFO[0m[0002] Taking snapshot of files...                  
[36mINFO[0m[0002] Using files from context: [/workspace/source/tmp-website] 
[36mINFO[0m[0002] COPY tmp-website .                           
[36mINFO[0m[0003] Taking snapshot of files...                  
2019/08/08 18:40:41 existing blob: sha256:c14dfa736ca22bcde3b0a31a6064a6dec8798ed68a9db65ba976f33524df225a
2019/08/08 18:40:41 existing blob: sha256:938173c0ab3c5335b3c3e77a58c21259f10fe879841296a7d62e6a9e0036c2d0
2019/08/08 18:40:41 existing blob: sha256:994d2188c1188ca2ce3b92ce7e75b1d5647c46cae1456eaccdccea0ef29b9f2c
2019/08/08 18:40:41 existing blob: sha256:8f452f8b3309da1fd012f42e7893bd469cb5d12e67aada13b324abcca8f20566
2019/08/08 18:40:41 existing blob: sha256:642d58ba27b18b6c662df466efb071d9c741cc8597a52eb7306f1da96cbdac53
2019/08/08 18:40:41 existing blob: sha256:86656c2d3ab6b73e4c035807c589441220207b18c96f540ac215b022b8894cc9
2019/08/08 18:40:41 existing blob: sha256:921b31ab772b38172fd9f942a40fae6db24decbd6706f67836260d47a72baab5
2019/08/08 18:40:44 pushed blob: sha256:6efbb4306af3f8e3c37801969310e2ddd83d7af6d1c511f0a4a8f0e3799b94d8
2019/08/08 18:40:44 pushed blob: sha256:866de0b5bbca7895d6ab3ed2c0fdd5fc562836c2847969af66dc02acc5f4ddd6
2019/08/08 18:40:54 pushed blob: sha256:f95f919b22be0284a16c1a060fc766c3640b9e8884763787e6e61007f2840053
2019/08/08 18:40:56 gcr.io/jenkins-x-infra/**-docs:0.0.0-SNAPSHOT-PR-1810-2: digest: sha256:69da2dad00e3fcaee947c554f115de5452686f8098a4734c85d9e1bda911c84b size: 1728
Step: build-step-make-preview:

sed -i -e "s/version:.*/version: 0.0.0-SNAPSHOT-PR-1810-2/" Chart.yaml
sed -i -e "s/version:.*/version: 0.0.0-SNAPSHOT-PR-1810-2/" ../*/Chart.yaml
sed -i -e "s/tag:.*/tag: 0.0.0-SNAPSHOT-PR-1810-2/" values.yaml
** step helm build
No $CHART_REPOSITORY defined so using the default value of: http://jenkins-x-chartmuseum:8080
Adding missing Helm repo: jenkins-x http://chartmuseum.jenkins-x.io
Successfully added Helm repository jenkins-x.
Adding missing Helm repo: releases http://jenkins-x-chartmuseum:8080
Successfully added Helm repository releases.
Step: build-step-**-preview:

Creating a preview
No author for commit: 184545651ff1de8d1c82d6198b23e97970bef64d
PullRequest author email is empty
expose:
  config:
    domain: infra.jrawlings.co.uk
    exposer: Ingress
    http: "true"
  Annotations:
    helm.sh/hook: post-install,post-upgrade
    helm.sh/hook-delete-policy: hook-succeeded
preview:
  image:
    repository: gcr.io/jenkins-x-infra/**-docs
    tag: 0.0.0-SNAPSHOT-PR-1810-2
Applying generated chart . YAML via kubectl in dir: /tmp/helm-template-workdir-426838463/preview/output
job.batch/cleanup configured
role.rbac.authorization.k8s.io/cleanup configured
rolebinding.rbac.authorization.k8s.io/cleanup configured
serviceaccount/cleanup configured
configmap/exposecontroller configured
role.rbac.authorization.k8s.io/expose configured
rolebinding.rbac.authorization.k8s.io/expose configured
serviceaccount/expose configured
deployment.extensions/preview-preview configured
service/**-docs configured
Applying Helm hook post-upgrade YAML via kubectl in file: /tmp/helm-template-workdir-426838463/preview/helmHooks/preview/charts/expose/templates/job.yaml
job.batch/expose created
Waiting for helm post-upgrade hook Job expose to complete before removing it
Deleting helm hook sources from file: /tmp/helm-template-workdir-426838463/preview/helmHooks/preview/charts/expose/templates/job.yaml
job.batch "expose" deleted
Removing Kubernetes resources from older releases using selector: jenkins.io/chart-release=preview,jenkins.io/version!=0.0.0-SNAPSHOT-PR-1810-2
Updating PipelineActivities jenkins-x-**-docs-pr-1810-2 which has status Running
Preview application is now available at: http://**-docs.**-jenkins-x-**-docs-pr-1810.infra.jrawlings.co.uk

