Step: build-step-credential-initializer-zhn98:

{"level":"warn","ts":1557562031.6629424,"logger":"fallback-logger","caller":"logging/config.go:65","msg":"Fetch GitHub commit ID from kodata failed: \"ref: refs/heads/backport-container-name-fix\" is not a valid GitHub commit ID"}
{"level":"info","ts":1557562031.6634798,"logger":"fallback-logger","caller":"creds-init/main.go:40","msg":"Credentials initialized."}
Step: build-step-git-source-jenkins-x-**-docs-pr-1502-tekto-kbqwk:

{"level":"warn","ts":1557562031.910212,"logger":"fallback-logger","caller":"logging/config.go:65","msg":"Fetch GitHub commit ID from kodata failed: \"ref: refs/heads/backport-container-name-fix\" is not a valid GitHub commit ID"}
{"level":"info","ts":1557562036.3755236,"logger":"fallback-logger","caller":"git-init/main.go:99","msg":"Successfully cloned \"https://github.com/jenkins-x/**-docs\" @ \"471fceb86b56c5732c1eda97265961d65f7b4d66\" in path \"/workspace/source\""}
Step: build-step-place-tools:

Step: build-step-git-merge:

Warning failed to load version: failed to parse version -dev+548a93a-dev+981c48321: No Major.Minor.Patch elements found
Using SHAs from PULL_REFS=master:99a717a8f3bd1268b8717e43ff4fec0b4b8d6716,1502:471fceb86b56c5732c1eda97265961d65f7b4d66
ran git fetch --unshallow origin 471fceb86b56c5732c1eda97265961d65f7b4d66: 99a717a8f3bd1268b8717e43ff4fec0b4b8d6716: in 
ran git checkout master in 
ran git reset --hard 99a717a8f3bd1268b8717e43ff4fec0b4b8d6716 in 
ran clean --force -d . in 
ran git merge 471fceb86b56c5732c1eda97265961d65f7b4d66 in 
Step: build-step-version:

Hugo Static Site Generator v0.49 linux/amd64 BuildDate: 2018-09-24T10:03:17Z
Step: build-step-build-website:

[?25lBuilding sites … [?25h[K
                   | EN  | ZH   
+------------------+-----+-----+
  Pages            | 478 |  81  
  Paginator pages  |   3 |   0  
  Non-page files   |   1 |   1  
  Static files     | 253 | 253  
  Processed images |   0 |   0  
  Aliases          |  64 |   9  
  Sitemaps         |   2 |   1  
  Cleaned          |   0 |   0  

Total in 911 ms
Step: build-step-build-and-push-image:

[36mINFO[0m[0000] Downloading base image abiosoft/caddy        
ERROR: logging before flag.Parse: E0511 08:08:28.873476      12 metadata.go:142] while reading 'google-dockercfg' metadata: http status code: 404 while fetching url http://metadata.google.internal./computeMetadata/v1/instance/attributes/google-dockercfg
ERROR: logging before flag.Parse: E0511 08:08:28.880318      12 metadata.go:159] while reading 'google-dockercfg-url' metadata: http status code: 404 while fetching url http://metadata.google.internal./computeMetadata/v1/instance/attributes/google-dockercfg-url
[36mINFO[0m[0001] Error while retrieving image from cache: getting file info: stat /workspace/sha256:47740499cb52baae4a1e0ca10f8e2696b9f263e49facbc824724a222ebb83145: no such file or directory 
[36mINFO[0m[0001] Downloading base image abiosoft/caddy        
[36mINFO[0m[0002] Skipping unpacking as no commands require it. 
[36mINFO[0m[0002] Taking snapshot of full filesystem...        
[36mINFO[0m[0002] EXPOSE 2015                                  
[36mINFO[0m[0002] cmd: EXPOSE                                  
[36mINFO[0m[0002] Adding exposed port: 2015/tcp                
[36mINFO[0m[0002] WORKDIR /srv                                 
[36mINFO[0m[0002] cmd: workdir                                 
[36mINFO[0m[0002] Changed working directory to /srv            
[36mINFO[0m[0002] Creating directory /srv                      
[36mINFO[0m[0002] Taking snapshot of files...                  
[36mINFO[0m[0002] Using files from context: [/workspace/source/tmp-website] 
[36mINFO[0m[0002] COPY tmp-website .                           
[36mINFO[0m[0003] Taking snapshot of files...                  
2019/05/11 08:08:34 existing blob: sha256:e6ddacbe10bfb211680004ecc4653be2568005b92d72f73df2cc1dd62a7c480e
2019/05/11 08:08:34 existing blob: sha256:f7a18c9c30be1ed8a611c0ea6183fbed950ae1c77bf277915d32d59e1f13775b
2019/05/11 08:08:34 existing blob: sha256:5c98adeb14433e7698b8cae336f6edc5b763bc79a3723dc1d121691d54e4f8f8
2019/05/11 08:08:34 existing blob: sha256:598ae88aad1150744a592fe33d60c85749a75993785334af4002407ef1044335
2019/05/11 08:08:34 existing blob: sha256:c87736221ed0bcaa60b8e92a19bec2284899ef89226f2a07968677cf59e637a4
2019/05/11 08:08:34 existing blob: sha256:82c0e0f13429b59221d0d78d6baf7e0ece842f329c8cd96d2f9e3179e0534f2b
2019/05/11 08:08:34 existing blob: sha256:11d085ea0531bd1451349bfee72d95f9a4dcb895069189682049970dbdb668f7
2019/05/11 08:08:37 pushed blob: sha256:3dba0fa691560e1bfedb03244b3b2ab8f4d59f6b02b3d1df1c6cd96ef14a4c1a
2019/05/11 08:08:37 pushed blob: sha256:d59a63608b2fc1389f954addd05c9c2f7fb9426cf53ac0dcc514d0e906a4557a
2019/05/11 08:08:42 pushed blob: sha256:a9985969c84b3c9a91bc98c1205059c3b0c7e1f85cb3a3fc669b607ebcf59f12
2019/05/11 08:08:44 gcr.io/jenkins-x-infra/**-docs:0.0.0-SNAPSHOT-PR-1502-1: digest: sha256:355f41e1c7dc42dd4cd8d37744a4047a7f073f742fab5dda23d5c760c535b2ae size: 1726
Step: build-step-make-preview:

sed -i -e "s/version:.*/version: 0.0.0-SNAPSHOT-PR-1502-1/" Chart.yaml
sed -i -e "s/version:.*/version: 0.0.0-SNAPSHOT-PR-1502-1/" ../*/Chart.yaml
sed -i -e "s/tag:.*/tag: 0.0.0-SNAPSHOT-PR-1502-1/" values.yaml
** step helm build
No $CHART_REPOSITORY defined so using the default value of: http://jenkins-x-chartmuseum:8080
Adding missing Helm repo: releases http://jenkins-x-chartmuseum:8080
Successfully added Helm repository releases.
Adding missing Helm repo: jenkins-x http://chartmuseum.jenkins-x.io
Successfully added Helm repository jenkins-x.
Step: build-step-**-preview:

Creating a preview
No author for commit: 471fceb86b56c5732c1eda97265961d65f7b4d66
PullRequest author email is empty
Created environment jenkins-x-**-docs-pr-1502
Namespace **-jenkins-x-**-docs-pr-1502 created 
 expose:
  config:
    domain: infra.jrawlings.co.uk
    exposer: Ingress
    http: "true"
  Annotations:
    helm.sh/hook: post-install,post-upgrade
    helm.sh/hook-delete-policy: hook-succeeded
preview:
  image:
    repository: gcr.io/jenkins-x-infra/**-docs
    tag: 0.0.0-SNAPSHOT-PR-1502-1
Applying generated chart . YAML via kubectl in dir: /tmp/helm-template-workdir-889109005/preview/output
job.batch/cleanup created
role.rbac.authorization.k8s.io/cleanup created
rolebinding.rbac.authorization.k8s.io/cleanup created
serviceaccount/cleanup created
configmap/exposecontroller created
role.rbac.authorization.k8s.io/expose created
rolebinding.rbac.authorization.k8s.io/expose created
serviceaccount/expose created
deployment.extensions/preview-preview created
service/**-docs created
Applying Helm hook post-upgrade YAML via kubectl in file: /tmp/helm-template-workdir-889109005/preview/helmHooks/preview/charts/expose/templates/job.yaml
job.batch/expose created
Waiting for helm post-upgrade hook Job expose to complete before removing it
Deleting helm hook sources from file: /tmp/helm-template-workdir-889109005/preview/helmHooks/preview/charts/expose/templates/job.yaml
job.batch "expose" deleted
Removing Kubernetes resources from older releases using selector: jenkins.io/chart-release=preview,jenkins.io/version!=0.0.0-SNAPSHOT-PR-1502-1
Updating PipelineActivities jenkins-x-**-docs-pr-1502-1 which has status Running
Preview application is now available at: http://**-docs.**-jenkins-x-**-docs-pr-1502.infra.jrawlings.co.uk

