Step: build-step-git-source-cloudbees-**ui-backend-pr-260-t-nbhz6:

{"level":"warn","ts":1557848659.8979666,"logger":"fallback-logger","caller":"logging/config.go:65","msg":"Fetch GitHub commit ID from kodata failed: \"ref: refs/heads/master\" is not a valid GitHub commit ID"}
{"level":"info","ts":1557848662.414809,"logger":"fallback-logger","caller":"git/git.go:102","msg":"Successfully cloned https://github.com/cloudbees/**ui-backend @ 2328dbb50d8d60b4bc043667bd9d9ecd8ba3b2d1 in path /workspace/source"}
Step: build-step-git-merge:

Warning failed to load version: failed to parse version -dev+9e73adc0b: No Major.Minor.Patch elements found
time="2019-05-14T15:44:26Z" level=info msg="got "
Using SHAs from PULL_REFS=master:1d191580a9d85426ad15dd04251de23fdc4b2c89,260:2328dbb50d8d60b4bc043667bd9d9ecd8ba3b2d1
ran git fetch --unshallow origin 2328dbb50d8d60b4bc043667bd9d9ecd8ba3b2d1: 1d191580a9d85426ad15dd04251de23fdc4b2c89: in 
ran git checkout master in 
ran git reset --hard 1d191580a9d85426ad15dd04251de23fdc4b2c89 in 
ran clean --force -d . in 
ran git merge 2328dbb50d8d60b4bc043667bd9d9ecd8ba3b2d1 in 
Step: build-step-pr-**-credential-kaniko:

/builder/home/kaniko-secret.json
Step: build-step-pr-**-credential-sa:

/builder/home/core-dev-gke-sa.key.json
Step: build-step-warm-cache:

Step: build-step-pr-build-image:

[36mINFO[0m[0000] Downloading base image gcr.io/jenkinsxio/builder-go:0.1.451 
[36mINFO[0m[0000] Error while retrieving image from cache: getting file info: stat /workspace/sha256:12c0f2473bd221571af32df4303a1c12d78fbc6ca2841bda0a355f04dcf2e01b: no such file or directory 
[36mINFO[0m[0000] Downloading base image gcr.io/jenkinsxio/builder-go:0.1.451 
[36mINFO[0m[0001] Using files from context: [/workspace/source] 
[36mINFO[0m[0001] Checking for cached layer gcr.io/jenkinsxio/cache-core:6a8938dd8f501e0952d4f212e246a06b1628789f7fe3694746c65eb5ad2774c7... 
[36mINFO[0m[0001] No cached layer found for cmd RUN make build 
[36mINFO[0m[0001] Unpacking rootfs as cmd RUN make build requires it. 
[36mINFO[0m[0127] Taking snapshot of full filesystem...        
[36mINFO[0m[0178] Using files from context: [/workspace/source] 
[36mINFO[0m[0179] COPY . /home/jenkins/go/src/github.com/cloudbees/**ui-backend 
[36mINFO[0m[0179] Taking snapshot of files...                  
[36mINFO[0m[0180] WORKDIR /home/jenkins/go/src/github.com/cloudbees/**ui-backend 
[36mINFO[0m[0180] cmd: workdir                                 
[36mINFO[0m[0180] Changed working directory to /home/jenkins/go/src/github.com/cloudbees/**ui-backend 
[36mINFO[0m[0180] No files changed in this command, skipping snapshotting. 
[36mINFO[0m[0180] RUN make build                               
[36mINFO[0m[0180] cmd: /bin/sh                                 
[36mINFO[0m[0180] args: [-c make build]                        
go: finding github.com/onsi/ginkgo v1.6.0
go: finding github.com/manveru/faker v0.0.0-20171103152722-9fbc68a78c4d
go: finding github.com/satori/go.uuid v1.2.1-0.20180103174451-36e9d2ebbde5
go: finding github.com/stretchr/testify v1.3.0
go: finding github.com/zach-klippenstein/goregen v0.0.0-20160303162051-795b5e3961ea
go: finding github.com/blang/semver v3.5.1+incompatible
go: finding github.com/hashicorp/golang-lru v0.5.0
go: finding github.com/jenkins-x/golang-jenkins v0.0.0-20180919102630-65b83ad42314
go: finding github.com/dimfeld/httptreemux v5.0.1+incompatible
go: finding k8s.io/apiextensions-apiserver v0.0.0-20181128195303-1f84094d7e8e
go: finding github.com/spf13/cobra v0.0.3
go: finding github.com/onsi/gomega v1.4.2
go: finding github.com/jenkins-x/** v0.0.0-20190507111736-42c36bcc62cf
go: finding k8s.io/test-infra v0.0.0-20190131093439-a22cef183a8f
go: finding github.com/petergtz/pegomock v2.2.0+incompatible
go: finding k8s.io/apimachinery v0.0.0-20190122181752-bebe27e40fb7
go: finding k8s.io/heapster v1.5.4
go: finding github.com/sirupsen/logrus v1.4.1
go: finding github.com/prometheus/common v0.2.0
go: finding github.com/rifflock/lfshook v0.0.0-20180920164130-b9218ef580f5
go: finding github.com/jmespath/go-jmespath v0.0.0-20180206201540-c2b33e8439af
go: finding k8s.io/helm v2.7.2+incompatible
go: finding github.com/jenkins-x/sonobuoy v0.11.7-0.20190318120422-253758214767
go: finding github.com/go-kit/kit v0.8.0
go: finding github.com/matttproud/golang_protobuf_extensions v1.0.1
go: finding gopkg.in/AlecAivazis/survey.v1 v1.8.3
go: finding github.com/go-ldap/ldap v3.0.1+incompatible
go: finding github.com/banzaicloud/bank-vaults v0.0.0-20181129101211-e31657d7c4fe
go: finding gopkg.in/src-d/go-git.v4 v4.5.0
go: finding gopkg.in/square/go-jose.v2 v2.2.2
go: finding github.com/prometheus/client_golang v0.9.2
go: finding github.com/gorilla/mux v1.6.2
go: finding github.com/jenkins-x/draft-repo v0.0.0-20180417100212-2f66cc518135
go: finding sigs.k8s.io/yaml v1.1.0
go: finding code.gitea.io/sdk v0.0.0-20180702024448-79a281c4e34a
go: finding github.com/danwakefield/fnmatch v0.0.0-20160403171240-cbb64ac3d964
go: finding github.com/rifflock/lfshook v0.0.0-20180227222202-bf539943797a
go: finding github.com/codeship/codeship-go v0.0.0-20180717142545-7793ca823354
go: finding gopkg.in/src-d/go-billy.v4 v4.2.0
go: finding github.com/hashicorp/vault v0.11.4
go: finding golang.org/x/sync v0.0.0-20181221193216-37e7f081c4d4
go: finding github.com/go-openapi/jsonreference v0.17.0
go: finding golang.org/x/net v0.0.0-20180702212446-ed29d75add3d
go: finding github.com/elazarl/go-bindata-assetfs v1.0.0
go: finding github.com/mitchellh/go-homedir v0.0.0-20180523094522-3864e76763d9
go: finding github.com/hashicorp/hcl v0.0.0-20180404174102-ef8a98b0bbce
go: finding gopkg.in/mgo.v2 v2.0.0-20180705113604-9856a29383ce
go: finding github.com/rollout/rox-go v0.0.0-20181220111955-29ddae74a8c4
go: finding github.com/spf13/afero v1.1.1
go: finding golang.org/x/net v0.0.0-20181005035420-146acd28ed58
go: finding golang.org/x/sync v0.0.0-20180314180146-1d60e4601c6f
go: finding golang.org/x/time v0.0.0-20180412165947-fbb02b2291d2
go: finding github.com/pkg/errors v0.8.1
go: finding github.com/gophercloud/gophercloud v0.0.0-20180629215909-9e34f4686044
go: finding github.com/inconshreveable/mousetrap v1.0.0
go: finding github.com/SermoDigital/jose v0.9.1
go: finding github.com/hashicorp/go-version v0.0.0-20180322230233-23480c066577
go: finding github.com/docker/spdystream v0.0.0-20181023171402-6480d4af844c
go: finding github.com/pascaldekloe/goe v0.0.0-20180627143212-57f6aae5913c
go: finding github.com/gfleury/go-bitbucket-v1 v0.0.0-20190216152406-3a732135aa4d
go: finding github.com/json-iterator/go v0.0.0-20180701071628-ab8a2e0c74be
go: finding github.com/keybase/go-crypto v0.0.0-20181127160227-255a5089e85a
go: finding github.com/hashicorp/go-version v1.0.0
go: finding github.com/go-openapi/jsonpointer v0.17.0
go: finding github.com/kubernetes-incubator/reference-docs v0.0.0-20190410022412-9642bd3f4de5
go: finding github.com/hpcloud/tail v1.0.0
go: finding github.com/stoewer/go-strcase v1.0.1
go: finding github.com/ghodss/yaml v1.0.0
go: finding github.com/pkg/errors v0.8.0
go: finding github.com/golang/protobuf v1.1.0
go: finding github.com/hashicorp/go-multierror v1.0.0
go: finding github.com/sirupsen/logrus v1.0.5
go: finding github.com/iancoleman/orderedmap v0.0.0-20181121102841-22c6ecc9fe13
go: finding github.com/mattn/go-isatty v0.0.3
go: finding github.com/davecgh/go-spew v1.1.1
go: finding k8s.io/client-go v2.0.0-alpha.0.0.20190115164855-701b91367003+incompatible
go: finding github.com/modern-go/reflect2 v0.0.0-20180701023420-4b7aa43c6742
go: finding github.com/hinshun/vt10x v0.0.0-20180616224451-1954e6464174
go: finding github.com/dsnet/compress v0.0.0-20171208185109-cc9eb1d7ad76
go: finding github.com/stretchr/ob** v0.1.0
go: finding github.com/go-openapi/spec v0.0.0-20171219195406-fa03337d7da5
go: finding github.com/jbrukh/bayesian v0.0.0-20161210175230-bf3f261f9a9c
go: finding github.com/armon/go-radix v1.0.0
go: finding github.com/gliderlabs/ssh v0.1.1
go: finding github.com/pelletier/go-buffruneio v0.2.0
go: finding github.com/alecthomas/units v0.0.0-20151022065526-2efee857e7cf
go: finding gotest.tools v2.2.0+incompatible
go: finding github.com/go-sql-driver/mysql v0.0.0-20160411075031-7ebe0a500653
go: finding github.com/markbates/inflect v1.0.4
go: finding vbom.ml/util v0.0.0-20170409195630-256737ac55c4
go: finding github.com/modern-go/concurrent v0.0.0-20180306012644-bacd9c7ef1dd
go: finding github.com/lusis/slack-test v0.0.0-20180109053238-3c758769bfa6
go: finding github.com/hashicorp/go-multierror v0.0.0-20171204182908-b7773ae21874
go: finding github.com/smartystreets/assertions v0.0.0-20180927180507-b2de0cb4f26d
go: finding github.com/pmezard/go-difflib v1.0.0
go: finding github.com/go-test/deep v1.0.1
go: finding github.com/konsorten/go-windows-terminal-sequences v1.0.1
go: finding golang.org/x/net v0.0.0-20180906233101-161cd47e91fd
go: finding github.com/emirpasic/gods v1.9.0
go: finding github.com/Netflix/go-expect v0.0.0-20180814212900-124a37274874
go: finding github.com/golang/protobuf v1.2.0
go: finding github.com/pelletier/go-toml v1.2.0
go: finding k8s.io/kube-openapi v0.0.0-20190205214119-36ebc4887cdc
go: finding github.com/fsouza/fake-gcs-server v0.0.0-20180612165233-e85be23bdaa8
go: finding github.com/golang/mock v1.1.1
go: finding github.com/chromedp/cdproto v0.0.0-20180720050708-57cf4773008d
go: finding github.com/lusis/go-slackbot v0.0.0-20180109053408-401027ccfef5
go: finding github.com/google/go-github v17.0.0+incompatible
go: finding github.com/docker/distribution v0.0.0-20170726174610-edc3ab29cdff
go: finding github.com/opencontainers/image-spec v1.0.1
go: finding google.golang.org/genproto v0.0.0-20190219182410-082222b4a5c5
go: finding github.com/mitchellh/go-testing-interface v1.0.0
go: finding github.com/stretchr/testify v1.2.2
go: finding github.com/sethvargo/go-password v0.1.2
go: finding github.com/Azure/azure-sdk-for-go v21.1.0+incompatible
go: finding github.com/golang/groupcache v0.0.0-20180513044358-24b0969c4cb7
go: finding github.com/anmitsu/go-shlex v0.0.0-20161002113705-648efa622239
go: finding github.com/mwitkow/go-conntrack v0.0.0-20161129095857-cc309e4a2223
go: finding github.com/julienschmidt/httprouter v1.2.0
go: finding github.com/src-d/gcfg v1.3.0
go: finding github.com/prometheus/procfs v0.0.0-20181005140218-185b4288413d
go: finding github.com/kr/pty v1.1.2
go: finding golang.org/x/tools v0.0.0-20180828015842-6cd1fcedba52
go: finding github.com/konsorten/go-windows-terminal-sequences v1.0.2
go: finding github.com/hashicorp/go-hclog v0.0.0-20190109152822-4783caec6f2e
go: finding github.com/davecgh/go-spew v1.1.0
go: finding github.com/gorilla/securecookie v1.1.1
go: finding github.com/emicklei/go-restful v2.8.0+incompatible
go: finding gopkg.in/cenkalti/backoff.v1 v1.1.0
go: finding github.com/google/btree v0.0.0-20180124185431-e89373fe6b4a
go: finding github.com/russross/blackfriday v1.5.1
go: finding github.com/Jeffail/gabs v1.1.1
go: finding github.com/fatih/color v1.7.0
go: finding golang.org/x/net v0.0.0-20181106065722-10aee1819953
go: finding github.com/hashicorp/golang-lru v0.0.0-20180201235237-0fb14efe8c47
go: finding github.com/qor/inflection v0.0.0-20180308033659-04140366298a
go: finding github.com/google/go-github v0.0.0-20170604030111-7a51fb928f52
go: finding golang.org/x/sys v0.0.0-20181116152217-5ac8a444bdc5
go: finding github.com/smartystreets/goconvey v0.0.0-20180222194500-ef6db91d284a
go: finding github.com/sirupsen/logrus v1.2.0
go: finding github.com/goadesign/goa v1.4.0
go: finding github.com/prometheus/client_model v0.0.0-20180712105110-5c3871d89910
go: finding github.com/golang/lint v0.0.0-20180702182130-06c8688daad7
go: finding github.com/go-openapi/jsonreference v0.0.0-20161105162150-36d33bfe519e
go: finding cloud.google.com/go v0.30.0
go: finding github.com/trivago/tgo v1.0.1
go: finding github.com/beevik/etree v1.0.1
go: finding cloud.google.com/go v0.24.0
go: finding github.com/gocql/gocql v0.0.0-20190126123547-8516aabb0f99
go: finding github.com/andygrunwald/go-gerrit v0.0.0-20181026193842-43cfd7a94eb4
go: finding github.com/googleapis/gnostic v0.1.0
go: finding golang.org/x/lint v0.0.0-20180702182130-06c8688daad7
go: finding github.com/Azure/go-autorest v10.15.5+incompatible
go: finding github.com/peterbourgon/diskv v2.0.1+incompatible
go: finding github.com/shirou/w32 v0.0.0-20160930032740-bb4de0191aa4
go: finding github.com/Microsoft/go-winio v0.4.6
go: finding github.com/golang/glog v0.0.0-20160126235308-23def4e6c14b
go: finding github.com/pierrec/lz4 v2.0.5+incompatible
go: finding github.com/pborman/uuid v1.2.0
go: finding github.com/rollout/sse v0.0.0-20181105093643-e422b54b3b28
go: finding github.com/mailru/easyjson v0.0.0-20180823135443-60711f1a8329
go: finding github.com/mattn/go-zglob v0.0.0-20180607075734-49693fbb3fe3
go: finding github.com/hashicorp/vault-plugin-secrets-kv v0.0.0-20190115203747-edbfe287c5d9
go: finding github.com/google/go-querystring v0.0.0-20150414214848-547ef5ac9797
go: finding github.com/mitchellh/copystructure v1.0.0
go: finding gocloud.dev v0.9.0
go: finding github.com/stretchr/testify v1.2.1
go: finding github.com/gorilla/sessions v1.1.3
go: finding github.com/spf13/viper v1.0.2
go: finding github.com/go-openapi/jsonpointer v0.0.0-20170102174223-779f45308c19
go: finding golang.org/x/oauth2 v0.0.0-20181017192945-9dcd33a902f4
go: finding github.com/gobuffalo/envy v1.6.5
go: finding github.com/xanzy/go-gitlab v0.0.0-20180814191223-f3bc634ab936
go: finding k8s.io/code-generator v0.0.0-20181017053441-8c97d6ab64da
go: finding github.com/mattn/go-colorable v0.0.9
go: finding github.com/xanzy/ssh-agent v0.2.0
go: finding github.com/google/gofuzz v0.0.0-20170612174753-24818f796faf
go: finding github.com/bazelbuild/buildtools v0.0.0-20180226164855-80c7f0d45d7e
go: finding github.com/Azure/azure-storage-blob-go v0.0.0-20180507052152-66ba96e49ebb
go: finding github.com/nlopes/slack v0.0.0-20180721202243-347a74b1ea30
go: finding github.com/go-openapi/swag v0.17.0
go: finding golang.org/x/net v0.0.0-20190107210223-45ffb0cd1ba0
go: finding github.com/deckarep/golang-set v0.0.0-20171013212420-1d4478f51bed
go: finding github.com/jefferai/jsonx v1.0.0
go: finding github.com/bwmarrin/snowflake v0.0.0-20170221160716-02cc386c183a
go: finding k8s.io/kubernetes v1.11.3
go: finding github.com/spf13/jwalterweatherman v0.0.0-20180109140146-7c0cea34c8ec
go: finding github.com/bitly/go-hostpool v0.0.0-20171023180738-a3a6125de932
go: finding github.com/andygrunwald/go-jira v1.5.0
go: finding github.com/fsnotify/fsnotify v1.4.7
go: finding github.com/go-errors/errors v1.0.1
go: finding github.com/kr/logfmt v0.0.0-20140226030751-b84e30acd515
go: finding github.com/Nvveen/Gotty v0.0.0-20120604004816-cd527374f1e5
go: finding github.com/PuerkitoBio/purell v1.1.0
go: finding golang.org/x/text v0.3.0
go: finding github.com/mattbaird/jsonpatch v0.0.0-20171005235357-81af80346b1a
go: finding github.com/Azure/azure-storage-blob-go v0.0.0-20181023070848-cf01652132cc
go: finding golang.org/x/net v0.0.0-20181017193950-04a2e542c03f
go: finding github.com/dimfeld/httppath v0.0.0-20170720192232-ee938bf73598
go: finding github.com/ugorji/go/codec v0.0.0-20181012064053-8333dd449516
go: finding github.com/gorilla/websocket v1.4.0
go: finding github.com/BurntSushi/toml v0.3.0
go: finding github.com/hailocab/go-hostpool v0.0.0-20160125115350-e80d13ce29ed
go: finding github.com/gobwas/glob v0.2.3
go: finding github.com/spf13/pflag v1.0.3
go: finding github.com/spf13/cast v1.2.0
go: finding github.com/xi2/xz v0.0.0-20171230120015-48954b6210f8
go: finding k8s.io/kube-openapi v0.0.0-20180711000925-0cf8f7e6ed1d
go: finding gopkg.in/pipe.v2 v2.0.0-20140414041502-3c2ca4d52544
go: finding github.com/cloudflare/cfssl v0.0.0-20190409034051-768cd563887f
go: finding github.com/pkg/browser v0.0.0-20170505125900-c90ca0c84f15
go: finding github.com/google/wire v0.2.0
go: finding github.com/knative/build v0.5.0
go: finding github.com/kballard/go-shellquote v0.0.0-20180428030007-95032a82bc51
go: finding github.com/bmizerany/assert v0.0.0-20160611221934-b7ed37b82869
go: finding github.com/dgrijalva/jwt-go v3.2.0+incompatible
go: finding github.com/docker/go-connections v0.3.0
go: finding github.com/gregjones/httpcache v0.0.0-20160524185540-16db777d8ebe
go: finding google.golang.org/api v0.0.0-20181021000519-a2651947f503
go: finding github.com/gorilla/context v1.1.1
go: finding github.com/joho/godotenv v1.3.0
go: finding github.com/MakeNowJust/heredoc v0.0.0-20171113091838-e9091a26100e
go: finding github.com/coreos/pkg v0.0.0-20180928190104-399ea9e2e55f
go: finding github.com/evanphx/json-patch v4.1.0+incompatible
go: finding github.com/c2h5oh/datasize v0.0.0-20171227191756-4eba002a5eae
go: finding gopkg.in/fsnotify.v1 v1.4.7
go: finding github.com/NYTimes/gziphandler v0.0.0-20160419202541-63027b26b87e
go: finding github.com/gotestyourself/gotestyourself v2.2.0+incompatible
go: finding k8s.io/metrics v0.0.0-20181128195641-3954d62a524d
go: finding gopkg.in/src-d/go-git-fixtures.v3 v3.3.0
go: finding github.com/go-openapi/swag v0.0.0-20171111214437-cf0bdb963811
go: finding github.com/Pallinder/go-randomdata v0.0.0-20180616180521-15df0648130a
go: finding github.com/PuerkitoBio/urlesc v0.0.0-20170810143723-de5bf2ad4578
go: finding github.com/duosecurity/duo_api_golang v0.0.0-20190107154727-539434bf0d45
go: finding gopkg.in/ini.v1 v1.39.0
go: finding github.com/jinzhu/now v0.0.0-20181116074157-8ec929ed50c3
go: finding github.com/beorn7/perks v0.0.0-20180321164747-3a771d992973
go: finding golang.org/x/crypto v0.0.0-20190123085648-057139ce5d2b
go: finding github.com/chromedp/chromedp v0.1.1
go: finding gopkg.in/tomb.v1 v1.0.0-20141024135613-dd632973f1e7
go: finding golang.org/x/net v0.0.0-20181201002055-351d144fa1fc
go: finding github.com/stretchr/ob** v0.2.0
go: finding github.com/grpc-ecosystem/go-grpc-prometheus v1.2.0
go: finding github.com/viniciuschiele/tarx v0.0.0-20151205142357-6e3da540444d
go: finding github.com/lib/pq v1.0.0
go: finding github.com/prometheus/common v0.0.0-20181126121408-4724e9255275
go: finding github.com/jonboulle/clockwork v0.1.0
go: finding github.com/coreos/go-systemd v0.0.0-20181012123002-c6f51f82210d
go: finding github.com/Netflix/go-expect v0.0.0-20180615182759-c93bf25de8e8
go: finding github.com/knative/pkg v0.0.0-20190402181056-ff46edef0ae5
go: finding github.com/Azure/azure-pipeline-go v0.1.8
go: finding github.com/mholt/archiver v3.1.1+incompatible
go: finding github.com/mitchellh/mapstructure v1.1.2
go: finding github.com/spf13/pflag v1.0.1
go: finding github.com/hashicorp/go-sockaddr v1.0.0
go: finding github.com/coreos/go-semver v0.2.0
go: finding golang.org/x/sys v0.0.0-20180627142611-7138fd3d9dc8
go: finding github.com/peterbourgon/diskv v0.0.0-20171120014656-2973218375c3
go: finding github.com/sethgrid/pester v0.0.0-20180430140037-03e26c9abbbf
go: finding github.com/prometheus/procfs v0.0.0-20181204211112-1dc9a6cbc91a
go: finding github.com/patrickmn/go-cache v2.1.0+incompatible
go: finding github.com/Azure/go-autorest v10.12.0+incompatible
go: finding github.com/google/uuid v1.1.0
go: finding github.com/hashicorp/errwrap v1.0.0
go: finding golang.org/x/crypto v0.0.0-20180904163835-0709b304e793
go: finding github.com/prometheus/client_golang v0.9.0
go: finding github.com/aws/aws-sdk-go v1.16.18
go: finding github.com/go-stack/stack v1.8.0
go: finding github.com/google/go-containerregistry v0.0.0-20190317040536-ebbba8469d06
go: finding github.com/sirupsen/logrus v1.1.1
go: finding gopkg.in/yaml.v2 v2.2.2
go: finding github.com/armon/go-metrics v0.0.0-20180917152333-f0300d1749da
go: finding golang.org/x/sys v0.0.0-20181004145325-8469e314837c
go: finding github.com/jbenet/go-context v0.0.0-20150711004518-d14ea06fba99
go: finding github.com/googleapis/gax-go v2.0.0+incompatible
go: finding github.com/mitchellh/reflectwalk v1.0.0
go: finding github.com/disintegration/imaging v1.4.2
go: finding golang.org/x/sys v0.0.0-20190411185658-b44545bcd369
go: finding google.golang.org/grpc v1.15.0
go: finding gopkg.in/yaml.v2 v2.2.1
go: finding github.com/spf13/viper v1.3.1
go: finding github.com/google/subcommands v0.0.0-20181012225330-46f0354f6315
go: finding golang.org/x/crypto v0.0.0-20181015023909-0c41d7ab0a0e
go: finding github.com/cpuguy83/go-md2man v1.0.8
go: finding gopkg.in/inf.v0 v0.9.1
go: finding github.com/acarl005/stripansi v0.0.0-20180116102854-5a71ef0e047d
go: finding github.com/go-sql-driver/mysql v1.4.0
go: finding github.com/tmc/grpc-websocket-proxy v0.0.0-20171017195756-830351dc03c6
go: finding gopkg.in/check.v1 v1.0.0-20161208181325-20d25e280405
go: finding github.com/gorilla/websocket v1.2.0
go: finding github.com/opencontainers/go-digest v1.0.0-rc1
go: finding github.com/imdario/mergo v0.0.0-20180119215619-163f41321a19
go: finding github.com/grpc-ecosystem/grpc-gateway v1.5.1
go: finding k8s.io/api v0.0.0-20181128191700-6db15a15d2d3
go: finding github.com/mgutz/ansi v0.0.0-20170206155736-9520e82c474b
go: finding github.com/spf13/afero v1.1.2
go: finding github.com/dnaeon/go-vcr v1.0.1
go: finding github.com/kevinburke/ssh_config v0.0.0-20180317175531-9fc7bb800b55
go: finding golang.org/x/net v0.0.0-20181114220301-adae6a3d119a
go: finding github.com/ulikunitz/xz v0.5.6
go: finding github.com/coreos/etcd v3.3.10+incompatible
go: finding github.com/jinzhu/gorm v0.0.0-20170316141641-572d0a0ab1eb
go: finding github.com/soheilhy/cmux v0.1.4
go: finding gopkg.in/alecthomas/kingpin.v2 v2.2.6
go: finding github.com/google/btree v0.0.0-20180813153112-4030bb1f1f0c
go: finding github.com/xordataexchange/crypt v0.0.3-0.20170626215501-b2862e3d0a77
go: finding github.com/googleapis/gnostic v0.2.0
go: finding golang.org/x/net v0.0.0-20180826012351-8a410e7b638d
go: finding github.com/knq/sysutil v0.0.0-20180306023629-0218e141a794
go: finding github.com/gregjones/httpcache v0.0.0-20180305231024-9cad4c3443a7
go: finding github.com/satori/go.uuid v0.0.0-20160713180306-0aa62d5ddceb
go: finding github.com/coreos/go-etcd v2.0.0+incompatible
go: finding github.com/GoogleCloudPlatform/cloudsql-proxy v0.0.0-20181009230506-ac834ce67862
go: finding github.com/rodaine/hclencoder v0.0.0-20180926060551-0680c4321930
go: finding github.com/aws/aws-sdk-go v1.17.10
go: finding github.com/prometheus/common v0.0.0-20181015124227-bcb74de08d37
go: finding github.com/kr/pretty v0.1.0
go: finding github.com/operator-framework/operator-sdk v0.0.0-20181011175812-913cbf711929
go: finding github.com/petar/GoLLRB v0.0.0-20130427215148-53be0d36a84c
go: finding github.com/gopherjs/gopherjs v0.0.0-20181017120253-0766667cb4d1
go: finding github.com/docker/spdystream v0.0.0-20170912183627-bc6354cbbc29
go: finding golang.org/x/sys v0.0.0-20180909124046-d0be0721c37e
go: finding github.com/Azure/draft v0.15.0
go: finding github.com/xiang90/probing v0.0.0-20160813154853-07dd2e8dfe18
go: finding github.com/golang/snappy v0.0.0-20180518054509-2e65f85255db
go: finding golang.org/x/tools v0.0.0-20181017214349-06f26fdaaa28
go: finding github.com/spf13/cast v1.3.0
go: finding github.com/golang/groupcache v0.0.0-20180924190550-6f2cf27854a4
go: finding golang.org/x/sys v0.0.0-20180606202747-9527bec2660b
go: finding github.com/erikstmartin/go-testdb v0.0.0-20160219214506-8d10e4a1bae5
go: finding gopkg.in/asn1-ber.v1 v1.0.0-20181015200546-f715ec2f112d
go: finding gopkg.in/warnings.v0 v0.1.2
go: finding github.com/konsorten/go-windows-terminal-sequences v0.0.0-20180402223658-b729f2633dfe
go: finding github.com/armon/consul-api v0.0.0-20180202201655-eb2c6b5be1b6
go: finding google.golang.org/grpc v1.16.0
go: finding github.com/kisielk/gotool v1.0.0
go: finding go.uber.org/multierr v1.1.0
go: finding github.com/google/martian v2.1.0+incompatible
go: finding github.com/hashicorp/go-memdb v0.0.0-20181108192425-032f93b25bec
go: finding github.com/docker/docker v0.0.0-20171206114025-5e5fadb3c020
go: finding github.com/fatih/structs v1.0.0
go: finding google.golang.org/api v0.0.0-20181017004218-3f6e8463aa1d
go: finding contrib.go.opencensus.io/exporter/aws v0.0.0-20180906190126-dd54a7ef511e
go: finding golang.org/x/oauth2 v0.0.0-20180620175406-ef147856a6dd
go: finding github.com/spf13/jwalterweatherman v1.0.0
go: finding github.com/google/go-cmp v0.2.0
go: finding github.com/hashicorp/go-cleanhttp v0.5.0
go: finding github.com/Masterminds/semver v1.4.2
go: finding github.com/kr/pty v1.1.1
go: finding github.com/gopherjs/gopherjs v0.0.0-20181103185306-d547d1d9531e
go: finding github.com/aws/aws-sdk-go v1.15.27
go: finding github.com/flynn/go-shlex v0.0.0-20150515145356-3f9db97f8568
go: finding go.opencensus.io v0.17.0
go: finding github.com/google/uuid v1.0.0
go: finding go.opencensus.io v0.15.0
go: finding github.com/denormal/go-gitignore v0.0.0-20180713143441-75ce8f3e513c
go: finding github.com/djherbis/atime v1.0.0
go: finding github.com/Azure/go-ansiterm v0.0.0-20170929234023-d6e3b3328b78
go: finding github.com/knative/serving v0.5.0
go: finding github.com/containerd/continuity v0.0.0-20181203112020-004b46473808
go: finding github.com/streadway/amqp v0.0.0-20181107104731-27835f1a64e9
go: finding github.com/alexflint/go-filemutex v0.0.0-20171028004239-d358565f3c3f
go: finding gopkg.in/robfig/cron.v2 v2.0.0-20150107220207-be2e0b0deed5
go: finding github.com/alcortesm/tgz v0.0.0-20161220082320-9c5fe88206d7
go: finding golang.org/x/exp v0.0.0-20190121172915-509febef88a4
go: finding contrib.go.opencensus.io/integrations/ocsql v0.1.2
go: finding k8s.io/code-generator v0.0.0-20180904193909-8c97d6ab64da
go: finding google.golang.org/genproto v0.0.0-20180817151627-c66870c02cf8
go: finding google.golang.org/api v0.1.0
go: finding github.com/jtolds/gls v4.2.1+incompatible
go: finding golang.org/x/sys v0.0.0-20180830151530-49385e6e1522
go: finding github.com/StackExchange/wmi v0.0.0-20180116203802-5d049714c4a6
go: finding github.com/gophercloud/gophercloud v0.0.0-20181215224939-bdd8b1ecd793
go: finding golang.org/x/sync v0.0.0-20181108010431-42b317875d0f
go: finding golang.org/x/sys v0.0.0-20180905080454-ebe1bf3edb33
go: finding github.com/google/go-querystring v0.0.0-20170111101155-53e6ce116135
go: finding github.com/hashicorp/go-uuid v1.0.1
go: finding github.com/tektoncd/pipeline v0.0.0-20190327171839-7c43fbae2816
go: finding github.com/hashicorp/go-plugin v0.0.0-20190129155509-362c99b11937
go: finding github.com/hashicorp/hcl v1.0.0
go: finding github.com/go-openapi/spec v0.17.1
go: finding cloud.google.com/go v0.26.0
go: finding github.com/hashicorp/go-retryablehttp v0.0.0-20180718195005-e651d75abec6
go: finding github.com/prometheus/client_golang v0.9.1
go: finding github.com/go-ini/ini v1.39.0
go: finding github.com/gogo/protobuf v1.0.0
go: finding github.com/aws/aws-k8s-tester v0.0.0-20190114231546-b411acf57dfe
go: finding golang.org/x/oauth2 v0.0.0-20180821212333-d2e6202438be
go: finding github.com/antham/chyle v1.4.0
go: finding golang.org/x/sys v0.0.0-20181011152604-fa43e7bc11ba
go: finding github.com/prometheus/common v0.0.0-20180801064454-c7de2306084e
go: finding github.com/hashicorp/yamux v0.0.0-20180604194846-3520598351bb
go: finding github.com/mitchellh/mapstructure v0.0.0-20180511142126-bb74f1db0675
go: finding github.com/knative/build v0.2.0
go: finding google.golang.org/grpc v1.14.0
go: finding google.golang.org/appengine v1.2.0
go: finding github.com/opencontainers/runc v0.1.1
go: finding google.golang.org/genproto v0.0.0-20181016170114-94acd270e44e
go: finding github.com/coreos/bbolt v1.3.1-coreos.6
go: finding github.com/go-openapi/loads v0.19.0
go: finding github.com/cenkalti/backoff v2.0.0+incompatible
go: finding gopkg.in/src-d/go-git.v4 v4.1.1
go: finding github.com/andygrunwald/go-gerrit v0.0.0-20171029143327-95b11af228a1
go: finding k8s.io/apiextensions-apiserver v0.0.0-20180621085152-bbc52469f98b
go: finding github.com/mitchellh/go-testing-interface v0.0.0-20171004221916-a61a99592b77
go: finding github.com/tidwall/match v0.0.0-20171002075945-1731857f09b1
go: finding github.com/nwaples/rardecode v1.0.0
go: finding github.com/spf13/pflag v0.0.0-20170508184408-e57e3eeb33f7
go: finding github.com/hashicorp/go-rootcerts v0.0.0-20160503143440-6bb64b370b90
go: finding github.com/jinzhu/inflection v0.0.0-20151009084129-3272df6c21d0
go: finding contrib.go.opencensus.io/exporter/stackdriver v0.6.0
go: finding github.com/alecthomas/template v0.0.0-20160405071501-a0175ee3bccc
go: finding golang.org/x/image v0.0.0-20180628062038-cc896f830ced
go: finding github.com/client9/misspell v0.3.4
go: finding github.com/shurcooL/githubv4 v0.0.0-20180925043049-51d7b505e2e9
go: finding github.com/go-openapi/analysis v0.0.0-20180825180245-b006789cd277
go: finding github.com/gogo/protobuf v1.1.1
go: finding github.com/hashicorp/errwrap v0.0.0-20141028054710-7554cd9344ce
go: finding github.com/mailru/easyjson v0.0.0-20180606163543-3fdea8d05856
go: finding github.com/denisenkom/go-mssqldb v0.0.0-20190111225525-2fea367d496d
go: finding github.com/golang/snappy v0.0.0-20170215233205-553a64147049
go: finding github.com/spf13/cobra v0.0.0-00000000000000-c46add8a6528
go: finding google.golang.org/genproto v0.0.0-20180831171423-11092d34479b
go: finding github.com/magiconair/properties v1.8.0
go: finding github.com/jetstack/cert-manager v0.5.2
go: finding github.com/ryanuber/go-glob v0.0.0-20170128012129-256dc444b735
go: finding github.com/oklog/run v1.0.0
go: finding github.com/SAP/go-hdb v0.13.2
go: finding github.com/go-logfmt/logfmt v0.3.0
go: finding github.com/go-ini/ini v1.25.4
go: finding github.com/wbrefvem/go-bitbucket v0.0.0-20190128183802-fc08fd046abb
go: finding github.com/stretchr/ob** v0.1.1
go: finding github.com/mattn/go-colorable v0.0.8
go: finding github.com/go-openapi/strfmt v0.17.0
go: finding github.com/go-openapi/spec v0.17.0
go: finding github.com/knative/build v0.1.2
go: finding github.com/json-iterator/go v1.1.5
go: finding github.com/huandu/xstrings v1.0.0
go: finding github.com/mattn/go-isatty v0.0.2
go: finding gopkg.in/yaml.v1 v1.0.0-20140924161607-9f9df34309c0
go: finding github.com/mattn/go-sqlite3 v0.0.0-20160514122348-38ee283dabf1
go: finding github.com/chromedp/cdproto v0.0.0-20180703215205-c125a34ea3b3
go: finding github.com/Azure/azure-pipeline-go v0.0.0-20180507050906-098e490af5dc
go: finding github.com/kubernetes/dashboard v0.0.0-20171103152722-1f2007d1f8e6
go: finding gopkg.in/h2non/gock.v0 v0.0.0-20160419120746-1baf36abac00
go: finding golang.org/x/net v0.0.0-20181102091132-c10e9556a7bc
Step: build-step-pr-e2e-test:

