Step: build-step-credential-initializer-lbrhl:

{"level":"warn","ts":1565224661.5378063,"logger":"fallback-logger","caller":"logging/config.go:65","msg":"Fetch GitHub commit ID from kodata failed: \"ref: refs/heads/master\" is not a valid GitHub commit ID"}
{"level":"info","ts":1565224661.541118,"logger":"fallback-logger","caller":"creds-init/main.go:40","msg":"Credentials initialized."}
Step: build-step-working-dir-initializer-lgqlk:

{"level":"warn","ts":1565224663.4116426,"logger":"fallback-logger","caller":"logging/config.go:65","msg":"Fetch GitHub commit ID from kodata failed: open /var/run/ko/HEAD: no such file or directory"}
{"level":"info","ts":1565224663.6046555,"logger":"fallback-logger","caller":"bash/main.go:65","msg":"Successfully executed command \"mkdir -p /workspace/source /workspace/source/charts/preview\""}
Step: build-step-place-tools:

Step: build-step-git-source-jenkins-x-**-docs-pr-1799-tekto-rb59p:

{"level":"warn","ts":1565224666.432628,"logger":"fallback-logger","caller":"logging/config.go:65","msg":"Fetch GitHub commit ID from kodata failed: \"ref: refs/heads/master\" is not a valid GitHub commit ID"}
{"level":"info","ts":1565224674.5124457,"logger":"fallback-logger","caller":"git/git.go:102","msg":"Successfully cloned https://github.com/jenkins-x/**-docs @ ebe7287bf3f9bd8555eeabaa68533b2168c36a04 in path /workspace/source"}
Step: build-step-git-merge:

Warning failed to load version: failed to parse version -dev+9e73adc0b: No Major.Minor.Patch elements found
time="2019-08-08T00:37:59Z" level=info msg="got "
Using SHAs from PULL_REFS=master:d8c6f6ed9d9290cfdebbdd633a0d7c25f5a2b40d,1799:ebe7287bf3f9bd8555eeabaa68533b2168c36a04
ran git fetch --unshallow origin ebe7287bf3f9bd8555eeabaa68533b2168c36a04: d8c6f6ed9d9290cfdebbdd633a0d7c25f5a2b40d: in 
ran git checkout master in 
ran git reset --hard d8c6f6ed9d9290cfdebbdd633a0d7c25f5a2b40d in 
ran clean --force -d . in 
ran git merge ebe7287bf3f9bd8555eeabaa68533b2168c36a04 in 
Step: build-step-version:

Hugo Static Site Generator v0.49 linux/amd64 BuildDate: 2018-09-24T10:03:17Z
Step: build-step-build-website:

[?25lBuilding sites … [?25h[K
                   | EN  | ZH   
+------------------+-----+-----+
  Pages            | 562 |  84  
  Paginator pages  |   3 |   0  
  Non-page files   |   1 |   1  
  Static files     | 266 | 266  
  Processed images |   0 |   0  
  Aliases          |  85 |   9  
  Sitemaps         |   2 |   1  
  Cleaned          |   0 |   0  

Total in 4076 ms
Step: build-step-build-and-push-image:

[36mINFO[0m[0000] Downloading base image abiosoft/caddy        
ERROR: logging before flag.Parse: E0808 00:38:29.689654      11 metadata.go:142] while reading 'google-dockercfg' metadata: http status code: 404 while fetching url http://metadata.google.internal./computeMetadata/v1/instance/attributes/google-dockercfg
ERROR: logging before flag.Parse: E0808 00:38:29.698142      11 metadata.go:159] while reading 'google-dockercfg-url' metadata: http status code: 404 while fetching url http://metadata.google.internal./computeMetadata/v1/instance/attributes/google-dockercfg-url
[36mINFO[0m[0001] Error while retrieving image from cache: getting file info: stat /workspace/sha256:4a8ec766fa92dd45c7512ab9a03bc1efa8bdee5baa674bf7f572adee9d258b50: no such file or directory 
[36mINFO[0m[0001] Downloading base image abiosoft/caddy        
[36mINFO[0m[0002] Skipping unpacking as no commands require it. 
[36mINFO[0m[0002] Taking snapshot of full filesystem...        
[36mINFO[0m[0003] EXPOSE 2015                                  
[36mINFO[0m[0003] cmd: EXPOSE                                  
[36mINFO[0m[0003] Adding exposed port: 2015/tcp                
[36mINFO[0m[0003] WORKDIR /srv                                 
[36mINFO[0m[0003] cmd: workdir                                 
[36mINFO[0m[0003] Changed working directory to /srv            
[36mINFO[0m[0003] Creating directory /srv                      
[36mINFO[0m[0003] Taking snapshot of files...                  
[36mINFO[0m[0003] Using files from context: [/workspace/source/tmp-website] 
[36mINFO[0m[0003] COPY tmp-website .                           
[36mINFO[0m[0004] Taking snapshot of files...                  
2019/08/08 00:38:37 existing blob: sha256:994d2188c1188ca2ce3b92ce7e75b1d5647c46cae1456eaccdccea0ef29b9f2c
2019/08/08 00:38:37 existing blob: sha256:921b31ab772b38172fd9f942a40fae6db24decbd6706f67836260d47a72baab5
2019/08/08 00:38:37 existing blob: sha256:8f452f8b3309da1fd012f42e7893bd469cb5d12e67aada13b324abcca8f20566
2019/08/08 00:38:37 existing blob: sha256:938173c0ab3c5335b3c3e77a58c21259f10fe879841296a7d62e6a9e0036c2d0
2019/08/08 00:38:37 existing blob: sha256:642d58ba27b18b6c662df466efb071d9c741cc8597a52eb7306f1da96cbdac53
2019/08/08 00:38:37 existing blob: sha256:c14dfa736ca22bcde3b0a31a6064a6dec8798ed68a9db65ba976f33524df225a
2019/08/08 00:38:37 existing blob: sha256:86656c2d3ab6b73e4c035807c589441220207b18c96f540ac215b022b8894cc9
2019/08/08 00:38:40 pushed blob: sha256:5cb321f1d841395e9d1be540efffe628e8ce600070aae67c2e6e5f9683fe393a
2019/08/08 00:38:40 pushed blob: sha256:1a4a992e33a612a9309b8baa796665dde2964c2e9ecc1d740302e41d22102130
2019/08/08 00:38:50 pushed blob: sha256:e9727f94e2a9058d8dd5335ec7fda851f88ecc3ccf8bed0140ade9c1f05850e9
2019/08/08 00:38:51 gcr.io/jenkins-x-infra/**-docs:0.0.0-SNAPSHOT-PR-1799-27: digest: sha256:e73ef53441a66b0e358e7238c1a39147104fe1057be53198fec5e062c9eb5d12 size: 1728
Step: build-step-make-preview:

sed -i -e "s/version:.*/version: 0.0.0-SNAPSHOT-PR-1799-27/" Chart.yaml
sed -i -e "s/version:.*/version: 0.0.0-SNAPSHOT-PR-1799-27/" ../*/Chart.yaml
sed -i -e "s/tag:.*/tag: 0.0.0-SNAPSHOT-PR-1799-27/" values.yaml
** step helm build
No $CHART_REPOSITORY defined so using the default value of: http://jenkins-x-chartmuseum:8080
Adding missing Helm repo: jenkins-x http://chartmuseum.jenkins-x.io
Successfully added Helm repository jenkins-x.
Adding missing Helm repo: releases http://jenkins-x-chartmuseum:8080
retrying after error:failed to add the repository 'releases' with URL 'http://jenkins-x-chartmuseum:8080': failed to run 'helm repo add releases http://jenkins-x-chartmuseum:8080' command in directory '.', output: 'Error: Looks like "http://jenkins-x-chartmuseum:8080" is not a valid chart repository or cannot be reached: Get http://jenkins-x-chartmuseum:8080/index.yaml: EOF': exit status 1
retrying after error:failed to add the repository 'releases' with URL 'http://jenkins-x-chartmuseum:8080': failed to run 'helm repo add releases http://jenkins-x-chartmuseum:8080' command in directory '.', output: 'Error: Looks like "http://jenkins-x-chartmuseum:8080" is not a valid chart repository or cannot be reached: Get http://jenkins-x-chartmuseum:8080/index.yaml: dial tcp 10.55.250.160:8080: connect: connection refused': exit status 1
retrying after error:failed to add the repository 'releases' with URL 'http://jenkins-x-chartmuseum:8080': failed to run 'helm repo add releases http://jenkins-x-chartmuseum:8080' command in directory '.', output: 'Error: Looks like "http://jenkins-x-chartmuseum:8080" is not a valid chart repository or cannot be reached: Get http://jenkins-x-chartmuseum:8080/index.yaml: dial tcp 10.55.250.160:8080: connect: connection refused': exit status 1
retrying after error:failed to add the repository 'releases' with URL 'http://jenkins-x-chartmuseum:8080': failed to run 'helm repo add releases http://jenkins-x-chartmuseum:8080' command in directory '.', output: 'Error: Looks like "http://jenkins-x-chartmuseum:8080" is not a valid chart repository or cannot be reached: Get http://jenkins-x-chartmuseum:8080/index.yaml: dial tcp 10.55.250.160:8080: connect: connection timed out': exit status 1
Successfully added Helm repository releases.
Step: build-step-**-preview:

Creating a preview
No author for commit: 8ac271939eb6e9ba8390f2bf0c92ec0dac8f74b0
No author for commit: f215076df7bbfdeb6930f94f989ef23eaae424e4
Commit author email is empty for: edaaf23ffd4883931b60dfb97aca7d90e8a401e0
Looking for commits in: /workspace/source/
No author for commit: 376272a194223af27e14c81f24fe8b99fca6746f
No author for commit: 7b14b3fa02c755271baef440b5c809852757283d
No author for commit: fe7dada5942bef76d7331a50500aea9f241c1aa8
No author for commit: 602810f284679ef358cf11fde44e635dc04f6fe8
No author for commit: 5c83763c1134bddc5bcc4a035d7ac347df04bb1c
Commit author email is empty for: d958b45ae875590e12d94fb67db88448c782802a
Looking for commits in: /workspace/source/
No author for commit: d5db2ab80d0e30f61e1350a3cfddc5d6258768cd
No author for commit: dbd2062f520b9446d7f3c67aabf7f0057c88784b
No author for commit: 64783960bdd4f9630d4f17b7ccfccd64723dd8af
No author for commit: 067494b641979bfcce14d562bb5c283bb9057879
No author for commit: 51a48da197723d57667d4d026c71bd3b24f34bc1
No author for commit: f5576ca86aadae364c9981d35dd4b7de6f7050be
No author for commit: 25e46a906162cc61719d74d52591a446f263a6a2
No author for commit: 22bd551e66935ae8d07fe53d8f3bd94eca51dc6f
No author for commit: f53739f58eab24cf54b94cb5e12055dd9d25b7e8
No author for commit: af91f09ff031a6972c4776a6670d307627973eb2
No author for commit: f9d57529e94ab1c927fec39ae11199ce7f2a6133
No author for commit: 90f6ccaf2c22d11d93b166b16a3045da96b77a9c
No author for commit: 2402c678f4d09d5540be597318096ce6d19e5bc7
No author for commit: 9bb8bb1128e27bce483fc746e05ed811c4b9ffc0
No author for commit: cdbc6b00d318b105946958a0ec7ba85c89a63477
No author for commit: 8187a04feaeb612c2602acc5dde8a5c4bf542bdb
Commit author email is empty for: 1ac624d4e9ca8c3c7459f90af452d741e52c1e00
Looking for commits in: /workspace/source/
No author for commit: 2c3cb9148bd1ec083c52c30248bb5b1d9ffa3b04
No author for commit: 4fd7b7859c07db4f67114bc719778532fd5ec38b
No author for commit: b26750d32c10a8eef7a4d7b292e5b911bba762e4
No author for commit: 91db624755d507bb549921cc3f95612c24988917
PullRequest author email is empty
expose:
  config:
    domain: infra.jrawlings.co.uk
    exposer: Ingress
    http: "true"
  Annotations:
    helm.sh/hook: post-install,post-upgrade
    helm.sh/hook-delete-policy: hook-succeeded
preview:
  image:
    repository: gcr.io/jenkins-x-infra/**-docs
    tag: 0.0.0-SNAPSHOT-PR-1799-27
Applying generated chart . YAML via kubectl in dir: /tmp/helm-template-workdir-387923418/preview/output
job.batch/cleanup configured
role.rbac.authorization.k8s.io/cleanup configured
rolebinding.rbac.authorization.k8s.io/cleanup configured
serviceaccount/cleanup configured
configmap/exposecontroller configured
role.rbac.authorization.k8s.io/expose configured
rolebinding.rbac.authorization.k8s.io/expose configured
serviceaccount/expose configured
deployment.extensions/preview-preview configured
service/**-docs configured
Applying Helm hook post-upgrade YAML via kubectl in file: /tmp/helm-template-workdir-387923418/preview/helmHooks/preview/charts/expose/templates/job.yaml
job.batch/expose created
Waiting for helm post-upgrade hook Job expose to complete before removing it
